-------------------------------------------------------------------------------
Test set: com.zf.demo4jsp.Demo4jspApplicationTests
-------------------------------------------------------------------------------
Tests run: 1, Failures: 0, Errors: 1, Skipped: 0, Time elapsed: 1.073 s <<< FAILURE! - in com.zf.demo4jsp.Demo4jspApplicationTests
contextLoads(com.zf.demo4jsp.Demo4jspApplicationTests)  Time elapsed: 0.006 s  <<< ERROR!
java.lang.IllegalStateException: Failed to load ApplicationContext
Caused by: java.lang.IllegalArgumentException: LoggerFactory is not a Logback LoggerContext but Logback is on the classpath. Either remove Logback or the competing implementation (class org.slf4j.impl.Log4jLoggerFactory loaded from file:/C:/Users/Administrator.USER-20181222NH/.m2/repository/org/slf4j/slf4j-log4j12/1.7.25/slf4j-log4j12-1.7.25.jar). If you are using WebLogic you will need to add 'org.slf4j' to prefer-application-packages in WEB-INF/weblogic.xml: org.slf4j.impl.Log4jLoggerFactory

